<?xml version="1.0" encoding="UTF-8"?>
<!-- Generated by org.testng.reporters.JUnitReportReporter -->
<testsuite hostname="DESKTOP-4EUGK2C" failures="0" tests="1" name="Cases.TestCases" time="8.197" errors="0" timestamp="2024-05-30T11:53:27 IST" skipped="0">
  <testcase classname="Cases.TestCases" name="searchProductAndAddToCart" time="8.197"/>
</testsuite> <!-- Cases.TestCases -->
